E:\UNIVERSITY\COMPUTER_VISION\PHASE2\PROJECT\OBJ\OBJ_ONE_ACTION_WITH_ROBE\OBJT2\DEBUG\OBJT2.PCH
E:\UNIVERSITY\COMPUTER_VISION\PHASE2\PROJECT\OBJ\OBJ_ONE_ACTION_WITH_ROBE\OBJT2\DEBUG\STDAFX.OBJ
E:\UNIVERSITY\COMPUTER_VISION\PHASE2\PROJECT\OBJ\OBJ_ONE_ACTION_WITH_ROBE\OBJT2\DEBUG\VC110.PDB
E:\UNIVERSITY\COMPUTER_VISION\PHASE2\PROJECT\OBJ\OBJ_ONE_ACTION_WITH_ROBE\OBJT2\DEBUG\OBJT2.OBJ
E:\UNIVERSITY\COMPUTER_VISION\PHASE2\PROJECT\OBJ\OBJ_ONE_ACTION_WITH_ROBE\OBJT2\DEBUG\READ_AND_WRITE_OBJ.OBJ
E:\UNIVERSITY\COMPUTER_VISION\PHASE2\PROJECT\OBJ\OBJ_ONE_ACTION_WITH_ROBE\DEBUG\OBJT2.ILK
E:\UNIVERSITY\COMPUTER_VISION\PHASE2\PROJECT\OBJ\OBJ_ONE_ACTION_WITH_ROBE\DEBUG\OBJT2.EXE
E:\UNIVERSITY\COMPUTER_VISION\PHASE2\PROJECT\OBJ\OBJ_ONE_ACTION_WITH_ROBE\DEBUG\OBJT2.PDB
E:\university\computer_vision\phase2\project\obj\obj_one_action_with_robe\objt2\Debug\objt2.obj
E:\university\computer_vision\phase2\project\obj\obj_one_action_with_robe\objt2\Debug\read_and_write_obj.obj
E:\university\computer_vision\phase2\project\obj\obj_one_action_with_robe\objt2\Debug\stdafx.obj
E:\university\computer_vision\phase2\project\obj\obj_one_action_with_robe\objt2\Debug\cl.command.1.tlog
E:\university\computer_vision\phase2\project\obj\obj_one_action_with_robe\objt2\Debug\CL.read.1.tlog
E:\university\computer_vision\phase2\project\obj\obj_one_action_with_robe\objt2\Debug\CL.write.1.tlog
E:\university\computer_vision\phase2\project\obj\obj_one_action_with_robe\objt2\Debug\link-cvtres.read.1.tlog
E:\university\computer_vision\phase2\project\obj\obj_one_action_with_robe\objt2\Debug\link-cvtres.write.1.tlog
E:\university\computer_vision\phase2\project\obj\obj_one_action_with_robe\objt2\Debug\link-rc.read.1.tlog
E:\university\computer_vision\phase2\project\obj\obj_one_action_with_robe\objt2\Debug\link-rc.write.1.tlog
E:\university\computer_vision\phase2\project\obj\obj_one_action_with_robe\objt2\Debug\link.5956-cvtres.read.1.tlog
E:\university\computer_vision\phase2\project\obj\obj_one_action_with_robe\objt2\Debug\link.5956-cvtres.write.1.tlog
E:\university\computer_vision\phase2\project\obj\obj_one_action_with_robe\objt2\Debug\link.5956-rc.read.1.tlog
E:\university\computer_vision\phase2\project\obj\obj_one_action_with_robe\objt2\Debug\link.5956-rc.write.1.tlog
E:\university\computer_vision\phase2\project\obj\obj_one_action_with_robe\objt2\Debug\link.5956.read.1.tlog
E:\university\computer_vision\phase2\project\obj\obj_one_action_with_robe\objt2\Debug\link.5956.write.1.tlog
E:\university\computer_vision\phase2\project\obj\obj_one_action_with_robe\objt2\Debug\link.command.1.tlog
E:\university\computer_vision\phase2\project\obj\obj_one_action_with_robe\objt2\Debug\link.read.1.tlog
E:\university\computer_vision\phase2\project\obj\obj_one_action_with_robe\objt2\Debug\link.write.1.tlog
E:\university\computer_vision\phase2\project\obj\obj_one_action_with_robe\objt2\Debug\objt2.pch
E:\university\computer_vision\phase2\project\obj\obj_one_action_with_robe\objt2\Debug\vc110.idb
E:\university\computer_vision\phase2\project\obj\obj_one_action_with_robe\objt2\Debug\vc110.pdb
E:\university\computer_vision\phase2\project\obj\obj_one_action_with_robe\Debug\objt2.pdb
E:\university\computer_vision\phase2\project\obj\obj_one_action_with_robe\Debug\objt2.exe
E:\university\computer_vision\phase2\project\obj\obj_one_action_with_robe\Debug\objt2.ilk
